#
# There is insufficient memory for the Java Runtime Environment to continue.
# Native memory allocation (mmap) failed to map 132120576 bytes for Failed to commit area from 0x0000000082800000 to 0x000000008a600000 of length 132120576.
# Possible reasons:
#   The system is out of physical RAM or swap space
#   The process is running with CompressedOops enabled, and the Java Heap may be blocking the growth of the native heap
# Possible solutions:
#   Reduce memory load on the system
#   Increase physical memory or swap space
#   Check if swap backing store is full
#   Decrease Java heap size (-Xmx/-Xms)
#   Decrease number of Java threads
#   Decrease Java thread stack sizes (-Xss)
#   Set larger code cache with -XX:ReservedCodeCacheSize=
# This output file may be truncated or incomplete.
#
#  Out of Memory Error (src/hotspot/os/windows/os_windows.cpp:3624), pid=15064, tid=17120
#
# JRE version:  (11.0.14.1+1) (build )
# Java VM: OpenJDK 64-Bit Server VM (11.0.14.1+1-b2043.25, mixed mode, sharing, tiered, compressed oops, g1 gc, windows-amd64)
# No core dump will be written. Minidumps are not enabled by default on client versions of Windows
#

---------------  S U M M A R Y ------------

Command Line: git4idea.http.GitAskPassApp Username for 'https://gitee.com': 

Host: Intel(R) Core(TM) i7-8750H CPU @ 2.20GHz, 12 cores, 7G,  Windows 10 , 64 bit Build 19041 (10.0.19041.1348)
Time: Sun Nov 27 12:54:34 2022 中国标准时间 elapsed time: 0.031020 seconds (0d 0h 0m 0s)

---------------  T H R E A D  ---------------

Current thread (0x00000224a7dc6000):  JavaThread "Unknown thread" [_thread_in_vm, id=17120, stack(0x000000a2a7500000,0x000000a2a7600000)]

Stack: [0x000000a2a7500000,0x000000a2a7600000]
Native frames: (J=compiled Java code, j=interpreted, Vv=VM code, C=native code)
V  [jvm.dll+0x61618a]
V  [jvm.dll+0x79c450]
V  [jvm.dll+0x79da6d]
V  [jvm.dll+0x79e143]
V  [jvm.dll+0x24c968]
V  [jvm.dll+0x6131f4]
V  [jvm.dll+0x607ef5]
V  [jvm.dll+0x30b35b]
V  [jvm.dll+0x30b2ca]
V  [jvm.dll+0x30b1a2]
V  [jvm.dll+0x3100f6]
V  [jvm.dll+0x35b7e3]
V  [jvm.dll+0x35bee6]
V  [jvm.dll+0x35b8e3]
V  [jvm.dll+0x2e5b68]
V  [jvm.dll+0x2e6d17]
V  [jvm.dll+0x779087]
V  [jvm.dll+0x77a87c]
V  [jvm.dll+0x368d99]
V  [jvm.dll+0x75c9de]
V  [jvm.dll+0x3d6d53]
V  [jvm.dll+0x3d92f1]
C  [jli.dll+0x536b]
C  [ucrtbase.dll+0x21bb2]
C  [KERNEL32.DLL+0x17034]
C  [ntdll.dll+0x52651]


---------------  P R O C E S S  ---------------

Threads class SMR info:
_java_thread_list=0x00000224a7b126b0, length=0, elements={
}

Java Threads: ( => current thread )

Other Threads:
  0x00000224a7ddb000 GCTaskThread "GC Thread#0" [stack: 0x000000a2a7600000,0x000000a2a7700000] [id=11068]
  0x00000224a7e0c000 ConcurrentGCThread "G1 Main Marker" [stack: 0x000000a2a7700000,0x000000a2a7800000] [id=5496]
  0x00000224a7e0d800 ConcurrentGCThread "G1 Conc#0" [stack: 0x000000a2a7800000,0x000000a2a7900000] [id=17084]

[error occurred during error reporting (printing all threads), id 0xc0000005, EXCEPTION_ACCESS_VIOLATION (0xc0000005) at pc=0x00007ff874f26177]

VM state:not at safepoint (not fully initialized)

VM Mutex/Monitor currently owned by a thread:  ([mutex/lock_event])
[0x00000224a7dc1250] Heap_lock - owner thread: 0x00000224a7dc6000

Heap address: 0x0000000082800000, size: 2008 MB, Compressed Oops mode: Non-zero based: 0x0000000082800000
Narrow klass base: 0x0000000000000000, Narrow klass shift: 0

GC Heap History (0 events):
No events

Deoptimization events (0 events):
No events

Classes redefined (0 events):
No events

Internal exceptions (0 events):
No events

Events (1 events):
Event: 0.019 Loaded shared library D:\WebStorm 2022.1\jbr\bin\zip.dll


Dynamic libraries:
0x00007ff68a250000 - 0x00007ff68a25a000 	D:\WebStorm 2022.1\jbr\bin\java.exe
0x00007ff8e13d0000 - 0x00007ff8e15c5000 	C:\WINDOWS\SYSTEM32\ntdll.dll
0x00007ff8dff80000 - 0x00007ff8e003e000 	C:\WINDOWS\System32\KERNEL32.DLL
0x00007ff8dedd0000 - 0x00007ff8df098000 	C:\WINDOWS\System32\KERNELBASE.dll
0x00007ff8debc0000 - 0x00007ff8decc0000 	C:\WINDOWS\System32\ucrtbase.dll
0x00007ff8cc970000 - 0x00007ff8cc989000 	D:\WebStorm 2022.1\jbr\bin\jli.dll
0x00007ff8cc8d0000 - 0x00007ff8cc8e6000 	D:\WebStorm 2022.1\jbr\bin\VCRUNTIME140.dll
0x00007ff8e01f0000 - 0x00007ff8e0391000 	C:\WINDOWS\System32\USER32.dll
0x00007ff8df150000 - 0x00007ff8df172000 	C:\WINDOWS\System32\win32u.dll
0x00007ff8c9860000 - 0x00007ff8c9afa000 	C:\WINDOWS\WinSxS\amd64_microsoft.windows.common-controls_6595b64144ccf1df_6.0.19041.1110_none_60b5254171f9507e\COMCTL32.dll
0x00007ff8e12e0000 - 0x00007ff8e130b000 	C:\WINDOWS\System32\GDI32.dll
0x00007ff8e0d70000 - 0x00007ff8e0e0e000 	C:\WINDOWS\System32\msvcrt.dll
0x00007ff8decc0000 - 0x00007ff8dedcd000 	C:\WINDOWS\System32\gdi32full.dll
0x00007ff8df1e0000 - 0x00007ff8df27d000 	C:\WINDOWS\System32\msvcp_win.dll
0x00007ff8e1080000 - 0x00007ff8e10b0000 	C:\WINDOWS\System32\IMM32.DLL
0x00007ff8b0dd0000 - 0x00007ff8b0e7a000 	D:\WebStorm 2022.1\jbr\bin\msvcp140.dll
0x00007ff874c30000 - 0x00007ff8757aa000 	D:\WebStorm 2022.1\jbr\bin\server\jvm.dll
0x00007ff8e1170000 - 0x00007ff8e121c000 	C:\WINDOWS\System32\ADVAPI32.dll
0x00007ff8e1220000 - 0x00007ff8e12bb000 	C:\WINDOWS\System32\sechost.dll
0x00007ff8dfdc0000 - 0x00007ff8dfeea000 	C:\WINDOWS\System32\RPCRT4.dll
0x00007ff8e10b0000 - 0x00007ff8e10b8000 	C:\WINDOWS\System32\PSAPI.DLL
0x00007ff8d8500000 - 0x00007ff8d850a000 	C:\WINDOWS\SYSTEM32\VERSION.dll
0x00007ff8d28d0000 - 0x00007ff8d28f7000 	C:\WINDOWS\SYSTEM32\WINMM.dll
0x00007ff8c9600000 - 0x00007ff8c9609000 	C:\WINDOWS\SYSTEM32\WSOCK32.dll
0x00007ff8e1010000 - 0x00007ff8e107b000 	C:\WINDOWS\System32\WS2_32.dll
0x00007ff8dc9d0000 - 0x00007ff8dc9e2000 	C:\WINDOWS\SYSTEM32\kernel.appcore.dll
0x00007ff8da710000 - 0x00007ff8da721000 	D:\WebStorm 2022.1\jbr\bin\verify.dll
0x00007ff8c7010000 - 0x00007ff8c71f4000 	C:\WINDOWS\SYSTEM32\DBGHELP.DLL
0x00007ff8c6fc0000 - 0x00007ff8c6fec000 	C:\WINDOWS\SYSTEM32\dbgcore.DLL
0x00007ff8deb30000 - 0x00007ff8debb2000 	C:\WINDOWS\System32\bcryptPrimitives.dll
0x00007ff8da6e0000 - 0x00007ff8da709000 	D:\WebStorm 2022.1\jbr\bin\java.dll
0x00007ff8da6d0000 - 0x00007ff8da6db000 	D:\WebStorm 2022.1\jbr\bin\jimage.dll
0x00007ff8da170000 - 0x00007ff8da189000 	D:\WebStorm 2022.1\jbr\bin\zip.dll

dbghelp: loaded successfully - version: 4.0.5 - missing functions: none
symbol engine: initialized successfully - sym options: 0x614 - pdb path: .;D:\WebStorm 2022.1\jbr\bin;C:\WINDOWS\SYSTEM32;C:\WINDOWS\WinSxS\amd64_microsoft.windows.common-controls_6595b64144ccf1df_6.0.19041.1110_none_60b5254171f9507e;D:\WebStorm 2022.1\jbr\bin\server

VM Arguments:
java_command: git4idea.http.GitAskPassApp Username for 'https://gitee.com': 
java_class_path (initial): D:/WebStorm 2022.1/plugins/git4idea/lib/git4idea-rt.jar;D:/WebStorm 2022.1/lib/externalProcess-rt.jar;D:/WebStorm 2022.1/lib/app.jar;D:/WebStorm 2022.1/lib/3rd-party-rt.jar
Launcher Type: SUN_STANDARD

[Global flags]
     intx CICompilerCount                          = 4                                         {product} {ergonomic}
     uint ConcGCThreads                            = 3                                         {product} {ergonomic}
     uint G1ConcRefinementThreads                  = 10                                        {product} {ergonomic}
   size_t G1HeapRegionSize                         = 1048576                                   {product} {ergonomic}
    uintx GCDrainStackTargetSize                   = 64                                        {product} {ergonomic}
   size_t InitialHeapSize                          = 132120576                                 {product} {ergonomic}
   size_t MarkStackSize                            = 4194304                                   {product} {ergonomic}
   size_t MaxHeapSize                              = 2105540608                                {product} {ergonomic}
   size_t MinHeapDeltaBytes                        = 1048576                                   {product} {ergonomic}
    uintx NonNMethodCodeHeapSize                   = 5836300                                {pd product} {ergonomic}
    uintx NonProfiledCodeHeapSize                  = 122910970                              {pd product} {ergonomic}
    uintx ProfiledCodeHeapSize                     = 122910970                              {pd product} {ergonomic}
    uintx ReservedCodeCacheSize                    = 251658240                              {pd product} {ergonomic}
     bool SegmentedCodeCache                       = true                                      {product} {ergonomic}
     bool UseCompressedClassPointers               = true                                 {lp64_product} {ergonomic}
     bool UseCompressedOops                        = true                                 {lp64_product} {ergonomic}
     bool UseG1GC                                  = true                                      {product} {ergonomic}
     bool UseLargePagesIndividualAllocation        = false                                  {pd product} {ergonomic}

Logging:
Log output configuration:
 #0: stdout all=warning uptime,level,tags
 #1: stderr all=off uptime,level,tags

Environment Variables:
PATH=D:/Git/mingw64/libexec/git-core;D:/Git/mingw64/libexec/git-core;D:\Git\mingw64\bin;D:\Git\usr\bin;C:\Users\VULCAN\bin;C:\Program Files (x86)\Common Files\Intel\Shared Libraries\redist\intel64\compiler;D:\python\Scripts\;D:\python\;C:\Program Files (x86)\Intel\Intel(R) Management Engine Components\iCLS\;C:\Program Files\Intel\Intel(R) Management Engine Components\iCLS\;C:\Windows\system32;C:\Windows;C:\Windows\System32\Wbem;C:\Windows\System32\WindowsPowerShell\v1.0\;C:\Program Files (x86)\Intel\Intel(R) Management Engine Components\DAL;C:\Program Files\Intel\Intel(R) Management Engine Components\DAL;C:\Program Files (x86)\Intel\Intel(R) Management Engine Components\IPT;C:\Program Files\Intel\Intel(R) Management Engine Components\IPT;C:\Program Files\Intel\WiFi\bin\;C:\Program Files\Common Files\Intel\WirelessCommon\;C:\Program Files (x86)\NVIDIA Corporation\PhysX\Common;C:\WINDOWS\system32;C:\WINDOWS;C:\WINDOWS\System32\Wbem;C:\WINDOWS\System32\WindowsPowerShell\v1.0\;C:\WINDOWS\System32\OpenSSH\;D:\mysql-8.0.16-winx64\bin;D:\Git\cmd;C:\\Users\\VULCAN\\AppData\\Roaming\\npm;D:\nvm;C:\Program Files\nodejs;C:\Users\VULCAN\AppData\Local\Microsoft\WindowsApps;C:\Users\VULCAN\AppData\Roaming\npm;D:\nvm;C:\Program Files\nodejs
USERNAME=VULCAN
DISPLAY=:0.0
LC_ALL=en_US.UTF-8
OS=Windows_NT
PROCESSOR_IDENTIFIER=Intel64 Family 6 Model 158 Stepping 10, GenuineIntel



---------------  S Y S T E M  ---------------

OS: Windows 10 , 64 bit Build 19041 (10.0.19041.1348)
OS uptime: 0 days 14:10 hours

CPU:total 12 (initial active 12) (6 cores per cpu, 2 threads per core) family 6 model 158 stepping 10 microcode 0xb4, cmov, cx8, fxsr, mmx, sse, sse2, sse3, ssse3, sse4.1, sse4.2, popcnt, avx, avx2, aes, clmul, erms, 3dnowpref, lzcnt, ht, tsc, tscinvbit, bmi1, bmi2, adx, fma

Memory: 4k page, system-wide physical 8031M (289M free)
TotalPageFile size 18199M (AvailPageFile size 31M)
current process WorkingSet (physical memory assigned to process): 10M, peak: 10M
current process commit charge ("private bytes"): 64M, peak: 189M

vm_info: OpenJDK 64-Bit Server VM (11.0.14.1+1-b2043.25) for windows-amd64 JRE (11.0.14.1+1-b2043.25), built on Mar 30 2022 06:22:56 by "" with MS VC++ 14.0 (VS2015)

END.
